{"/home/lorenzo/MEGAsync/Web Dev/back-end/part_5_new/bloglist-frontend/src/App.js": {"path":"/home/lorenzo/MEGAsync/Web Dev/back-end/part_5_new/bloglist-frontend/src/App.js","statementMap":{"0":{"start":{"line":11,"column":12},"end":{"line":161,"column":1}},"1":{"start":{"line":12,"column":28},"end":{"line":12,"column":40}},"2":{"start":{"line":13,"column":26},"end":{"line":13,"column":40}},"3":{"start":{"line":14,"column":42},"end":{"line":14,"column":89}},"4":{"start":{"line":18,"column":2},"end":{"line":22,"column":8}},"5":{"start":{"line":19,"column":4},"end":{"line":21,"column":5}},"6":{"start":{"line":20,"column":6},"end":{"line":20,"column":21}},"7":{"start":{"line":24,"column":2},"end":{"line":32,"column":8}},"8":{"start":{"line":26,"column":27},"end":{"line":26,"column":68}},"9":{"start":{"line":27,"column":4},"end":{"line":31,"column":5}},"10":{"start":{"line":28,"column":19},"end":{"line":28,"column":45}},"11":{"start":{"line":29,"column":6},"end":{"line":29,"column":19}},"12":{"start":{"line":30,"column":6},"end":{"line":30,"column":38}},"13":{"start":{"line":37,"column":22},"end":{"line":56,"column":3}},"14":{"start":{"line":38,"column":4},"end":{"line":55,"column":5}},"15":{"start":{"line":40,"column":19},"end":{"line":40,"column":55}},"16":{"start":{"line":43,"column":6},"end":{"line":45,"column":7}},"17":{"start":{"line":47,"column":6},"end":{"line":47,"column":38}},"18":{"start":{"line":48,"column":6},"end":{"line":48,"column":19}},"19":{"start":{"line":51,"column":6},"end":{"line":51,"column":76}},"20":{"start":{"line":52,"column":6},"end":{"line":54,"column":14}},"21":{"start":{"line":53,"column":8},"end":{"line":53,"column":42}},"22":{"start":{"line":59,"column":18},"end":{"line":76,"column":3}},"23":{"start":{"line":61,"column":4},"end":{"line":74,"column":5}},"24":{"start":{"line":62,"column":27},"end":{"line":62,"column":60}},"25":{"start":{"line":63,"column":6},"end":{"line":63,"column":42}},"26":{"start":{"line":64,"column":6},"end":{"line":64,"column":44}},"27":{"start":{"line":65,"column":6},"end":{"line":65,"column":107}},"28":{"start":{"line":66,"column":6},"end":{"line":68,"column":14}},"29":{"start":{"line":67,"column":8},"end":{"line":67,"column":42}},"30":{"start":{"line":70,"column":6},"end":{"line":70,"column":86}},"31":{"start":{"line":71,"column":6},"end":{"line":73,"column":14}},"32":{"start":{"line":72,"column":8},"end":{"line":72,"column":42}},"33":{"start":{"line":83,"column":22},"end":{"line":83,"column":30}},"34":{"start":{"line":84,"column":19},"end":{"line":88,"column":3}},"35":{"start":{"line":85,"column":4},"end":{"line":87,"column":16}},"36":{"start":{"line":90,"column":18},"end":{"line":100,"column":3}},"37":{"start":{"line":91,"column":17},"end":{"line":91,"column":49}},"38":{"start":{"line":91,"column":33},"end":{"line":91,"column":48}},"39":{"start":{"line":92,"column":24},"end":{"line":92,"column":58}},"40":{"start":{"line":94,"column":4},"end":{"line":99,"column":5}},"41":{"start":{"line":95,"column":27},"end":{"line":95,"column":72}},"42":{"start":{"line":96,"column":6},"end":{"line":96,"column":75}},"43":{"start":{"line":96,"column":33},"end":{"line":96,"column":73}},"44":{"start":{"line":98,"column":6},"end":{"line":98,"column":40}},"45":{"start":{"line":102,"column":21},"end":{"line":123,"column":3}},"46":{"start":{"line":103,"column":25},"end":{"line":103,"column":57}},"47":{"start":{"line":103,"column":41},"end":{"line":103,"column":56}},"48":{"start":{"line":104,"column":4},"end":{"line":104,"column":46}},"49":{"start":{"line":106,"column":4},"end":{"line":121,"column":5}},"50":{"start":{"line":107,"column":6},"end":{"line":120,"column":7}},"51":{"start":{"line":108,"column":8},"end":{"line":108,"column":40}},"52":{"start":{"line":109,"column":8},"end":{"line":109,"column":52}},"53":{"start":{"line":109,"column":35},"end":{"line":109,"column":50}},"54":{"start":{"line":110,"column":8},"end":{"line":110,"column":98}},"55":{"start":{"line":111,"column":8},"end":{"line":113,"column":16}},"56":{"start":{"line":112,"column":10},"end":{"line":112,"column":44}},"57":{"start":{"line":115,"column":8},"end":{"line":115,"column":42}},"58":{"start":{"line":116,"column":8},"end":{"line":116,"column":77}},"59":{"start":{"line":117,"column":8},"end":{"line":119,"column":16}},"60":{"start":{"line":118,"column":10},"end":{"line":118,"column":44}},"61":{"start":{"line":128,"column":2},"end":{"line":135,"column":3}},"62":{"start":{"line":129,"column":4},"end":{"line":134,"column":5}},"63":{"start":{"line":137,"column":27},"end":{"line":140,"column":3}},"64":{"start":{"line":138,"column":4},"end":{"line":138,"column":48}},"65":{"start":{"line":139,"column":4},"end":{"line":139,"column":17}},"66":{"start":{"line":142,"column":2},"end":{"line":160,"column":3}},"67":{"start":{"line":150,"column":24},"end":{"line":150,"column":41}},"68":{"start":{"line":152,"column":10},"end":{"line":157,"column":12}},"69":{"start":{"line":155,"column":30},"end":{"line":155,"column":46}},"70":{"start":{"line":156,"column":30},"end":{"line":156,"column":49}}},"fnMap":{"0":{"name":"(anonymous_0)","decl":{"start":{"line":11,"column":12},"end":{"line":11,"column":13}},"loc":{"start":{"line":11,"column":18},"end":{"line":161,"column":1}},"line":11},"1":{"name":"(anonymous_1)","decl":{"start":{"line":18,"column":12},"end":{"line":18,"column":13}},"loc":{"start":{"line":18,"column":18},"end":{"line":22,"column":3}},"line":18},"2":{"name":"(anonymous_2)","decl":{"start":{"line":19,"column":30},"end":{"line":19,"column":31}},"loc":{"start":{"line":20,"column":6},"end":{"line":20,"column":21}},"line":20},"3":{"name":"(anonymous_3)","decl":{"start":{"line":24,"column":12},"end":{"line":24,"column":13}},"loc":{"start":{"line":24,"column":18},"end":{"line":32,"column":3}},"line":24},"4":{"name":"(anonymous_4)","decl":{"start":{"line":37,"column":22},"end":{"line":37,"column":23}},"loc":{"start":{"line":37,"column":44},"end":{"line":56,"column":3}},"line":37},"5":{"name":"(anonymous_5)","decl":{"start":{"line":52,"column":17},"end":{"line":52,"column":18}},"loc":{"start":{"line":52,"column":23},"end":{"line":54,"column":7}},"line":52},"6":{"name":"(anonymous_6)","decl":{"start":{"line":59,"column":18},"end":{"line":59,"column":19}},"loc":{"start":{"line":59,"column":37},"end":{"line":76,"column":3}},"line":59},"7":{"name":"(anonymous_7)","decl":{"start":{"line":66,"column":17},"end":{"line":66,"column":18}},"loc":{"start":{"line":66,"column":23},"end":{"line":68,"column":7}},"line":66},"8":{"name":"(anonymous_8)","decl":{"start":{"line":71,"column":17},"end":{"line":71,"column":18}},"loc":{"start":{"line":71,"column":23},"end":{"line":73,"column":7}},"line":71},"9":{"name":"(anonymous_9)","decl":{"start":{"line":84,"column":19},"end":{"line":84,"column":20}},"loc":{"start":{"line":85,"column":4},"end":{"line":87,"column":16}},"line":85},"10":{"name":"(anonymous_10)","decl":{"start":{"line":90,"column":18},"end":{"line":90,"column":19}},"loc":{"start":{"line":90,"column":36},"end":{"line":100,"column":3}},"line":90},"11":{"name":"(anonymous_11)","decl":{"start":{"line":91,"column":28},"end":{"line":91,"column":29}},"loc":{"start":{"line":91,"column":33},"end":{"line":91,"column":48}},"line":91},"12":{"name":"(anonymous_12)","decl":{"start":{"line":96,"column":25},"end":{"line":96,"column":26}},"loc":{"start":{"line":96,"column":33},"end":{"line":96,"column":73}},"line":96},"13":{"name":"(anonymous_13)","decl":{"start":{"line":102,"column":21},"end":{"line":102,"column":22}},"loc":{"start":{"line":102,"column":39},"end":{"line":123,"column":3}},"line":102},"14":{"name":"(anonymous_14)","decl":{"start":{"line":103,"column":36},"end":{"line":103,"column":37}},"loc":{"start":{"line":103,"column":41},"end":{"line":103,"column":56}},"line":103},"15":{"name":"(anonymous_15)","decl":{"start":{"line":109,"column":30},"end":{"line":109,"column":31}},"loc":{"start":{"line":109,"column":35},"end":{"line":109,"column":50}},"line":109},"16":{"name":"(anonymous_16)","decl":{"start":{"line":111,"column":19},"end":{"line":111,"column":20}},"loc":{"start":{"line":111,"column":25},"end":{"line":113,"column":9}},"line":111},"17":{"name":"(anonymous_17)","decl":{"start":{"line":117,"column":19},"end":{"line":117,"column":20}},"loc":{"start":{"line":117,"column":25},"end":{"line":119,"column":9}},"line":117},"18":{"name":"(anonymous_18)","decl":{"start":{"line":137,"column":27},"end":{"line":137,"column":28}},"loc":{"start":{"line":137,"column":33},"end":{"line":140,"column":3}},"line":137},"19":{"name":"(anonymous_19)","decl":{"start":{"line":150,"column":14},"end":{"line":150,"column":15}},"loc":{"start":{"line":150,"column":24},"end":{"line":150,"column":41}},"line":150},"20":{"name":"(anonymous_20)","decl":{"start":{"line":151,"column":13},"end":{"line":151,"column":14}},"loc":{"start":{"line":152,"column":10},"end":{"line":157,"column":12}},"line":152},"21":{"name":"(anonymous_21)","decl":{"start":{"line":155,"column":24},"end":{"line":155,"column":25}},"loc":{"start":{"line":155,"column":30},"end":{"line":155,"column":46}},"line":155},"22":{"name":"(anonymous_22)","decl":{"start":{"line":156,"column":24},"end":{"line":156,"column":25}},"loc":{"start":{"line":156,"column":30},"end":{"line":156,"column":49}},"line":156}},"branchMap":{"0":{"loc":{"start":{"line":27,"column":4},"end":{"line":31,"column":5}},"type":"if","locations":[{"start":{"line":27,"column":4},"end":{"line":31,"column":5}},{"start":{"line":27,"column":4},"end":{"line":31,"column":5}}],"line":27},"1":{"loc":{"start":{"line":96,"column":33},"end":{"line":96,"column":73}},"type":"cond-expr","locations":[{"start":{"line":96,"column":54},"end":{"line":96,"column":58}},{"start":{"line":96,"column":61},"end":{"line":96,"column":73}}],"line":96},"2":{"loc":{"start":{"line":106,"column":4},"end":{"line":121,"column":5}},"type":"if","locations":[{"start":{"line":106,"column":4},"end":{"line":121,"column":5}},{"start":{"line":106,"column":4},"end":{"line":121,"column":5}}],"line":106},"3":{"loc":{"start":{"line":128,"column":2},"end":{"line":135,"column":3}},"type":"if","locations":[{"start":{"line":128,"column":2},"end":{"line":135,"column":3}},{"start":{"line":128,"column":2},"end":{"line":135,"column":3}}],"line":128}},"s":{"0":0,"1":0,"2":0,"3":0,"4":0,"5":0,"6":0,"7":0,"8":0,"9":0,"10":0,"11":0,"12":0,"13":0,"14":0,"15":0,"16":0,"17":0,"18":0,"19":0,"20":0,"21":0,"22":0,"23":0,"24":0,"25":0,"26":0,"27":0,"28":0,"29":0,"30":0,"31":0,"32":0,"33":0,"34":0,"35":0,"36":0,"37":0,"38":0,"39":0,"40":0,"41":0,"42":0,"43":0,"44":0,"45":0,"46":0,"47":0,"48":0,"49":0,"50":0,"51":0,"52":0,"53":0,"54":0,"55":0,"56":0,"57":0,"58":0,"59":0,"60":0,"61":0,"62":0,"63":0,"64":0,"65":0,"66":0,"67":0,"68":0,"69":0,"70":0},"f":{"0":0,"1":0,"2":0,"3":0,"4":0,"5":0,"6":0,"7":0,"8":0,"9":0,"10":0,"11":0,"12":0,"13":0,"14":0,"15":0,"16":0,"17":0,"18":0,"19":0,"20":0,"21":0,"22":0},"b":{"0":[0,0],"1":[0,0],"2":[0,0],"3":[0,0]},"hash":"34a8a40d1b8e0b2dcb669507e3e40a6080d793d0"}
,"/home/lorenzo/MEGAsync/Web Dev/back-end/part_5_new/bloglist-frontend/src/index.js": {"path":"/home/lorenzo/MEGAsync/Web Dev/back-end/part_5_new/bloglist-frontend/src/index.js","statementMap":{"0":{"start":{"line":5,"column":0},"end":{"line":5,"column":57}}},"fnMap":{},"branchMap":{},"s":{"0":0},"f":{},"b":{},"hash":"92a09bc849b33349bdee807ff69f70d431ad821b"}
,"/home/lorenzo/MEGAsync/Web Dev/back-end/part_5_new/bloglist-frontend/src/components/Blog.js": {"path":"/home/lorenzo/MEGAsync/Web Dev/back-end/part_5_new/bloglist-frontend/src/components/Blog.js","statementMap":{"0":{"start":{"line":3,"column":13},"end":{"line":44,"column":1}},"1":{"start":{"line":4,"column":32},"end":{"line":4,"column":47}},"2":{"start":{"line":5,"column":26},"end":{"line":5,"column":42}},"3":{"start":{"line":7,"column":21},"end":{"line":7,"column":74}},"4":{"start":{"line":9,"column":20},"end":{"line":15,"column":3}},"5":{"start":{"line":16,"column":26},"end":{"line":16,"column":60}},"6":{"start":{"line":18,"column":27},"end":{"line":21,"column":3}},"7":{"start":{"line":19,"column":4},"end":{"line":19,"column":24}},"8":{"start":{"line":20,"column":4},"end":{"line":20,"column":55}},"9":{"start":{"line":23,"column":2},"end":{"line":43,"column":3}}},"fnMap":{"0":{"name":"(anonymous_0)","decl":{"start":{"line":3,"column":13},"end":{"line":3,"column":14}},"loc":{"start":{"line":3,"column":51},"end":{"line":44,"column":1}},"line":3},"1":{"name":"(anonymous_1)","decl":{"start":{"line":18,"column":27},"end":{"line":18,"column":28}},"loc":{"start":{"line":18,"column":33},"end":{"line":21,"column":3}},"line":18}},"branchMap":{"0":{"loc":{"start":{"line":16,"column":37},"end":{"line":16,"column":58}},"type":"cond-expr","locations":[{"start":{"line":16,"column":47},"end":{"line":16,"column":49}},{"start":{"line":16,"column":52},"end":{"line":16,"column":58}}],"line":16},"1":{"loc":{"start":{"line":20,"column":4},"end":{"line":20,"column":55}},"type":"cond-expr","locations":[{"start":{"line":20,"column":22},"end":{"line":20,"column":37}},{"start":{"line":20,"column":40},"end":{"line":20,"column":55}}],"line":20},"2":{"loc":{"start":{"line":36,"column":10},"end":{"line":38,"column":19}},"type":"cond-expr","locations":[{"start":{"line":37,"column":14},"end":{"line":37,"column":58}},{"start":{"line":38,"column":14},"end":{"line":38,"column":19}}],"line":36}},"s":{"0":1,"1":5,"2":5,"3":5,"4":5,"5":5,"6":5,"7":2,"8":2,"9":5},"f":{"0":5,"1":2},"b":{"0":[2,3],"1":[2,0],"2":[5,0]},"_coverageSchema":"43e27e138ebf9cfc5966b082cf9a028302ed4184","hash":"de3f5266d934fe31ad9106ad960876bf43a95b77"}
,"/home/lorenzo/MEGAsync/Web Dev/back-end/part_5_new/bloglist-frontend/src/components/BlogForm.js": {"path":"/home/lorenzo/MEGAsync/Web Dev/back-end/part_5_new/bloglist-frontend/src/components/BlogForm.js","statementMap":{"0":{"start":{"line":3,"column":17},"end":{"line":59,"column":1}},"1":{"start":{"line":4,"column":28},"end":{"line":4,"column":40}},"2":{"start":{"line":5,"column":30},"end":{"line":5,"column":42}},"3":{"start":{"line":6,"column":24},"end":{"line":6,"column":36}},"4":{"start":{"line":8,"column":18},"end":{"line":19,"column":3}},"5":{"start":{"line":9,"column":4},"end":{"line":9,"column":26}},"6":{"start":{"line":10,"column":4},"end":{"line":14,"column":6}},"7":{"start":{"line":16,"column":4},"end":{"line":16,"column":16}},"8":{"start":{"line":17,"column":4},"end":{"line":17,"column":17}},"9":{"start":{"line":18,"column":4},"end":{"line":18,"column":14}},"10":{"start":{"line":21,"column":2},"end":{"line":58,"column":3}},"11":{"start":{"line":32,"column":38},"end":{"line":32,"column":60}},"12":{"start":{"line":42,"column":38},"end":{"line":42,"column":61}},"13":{"start":{"line":52,"column":38},"end":{"line":52,"column":58}}},"fnMap":{"0":{"name":"(anonymous_0)","decl":{"start":{"line":3,"column":17},"end":{"line":3,"column":18}},"loc":{"start":{"line":3,"column":37},"end":{"line":59,"column":1}},"line":3},"1":{"name":"(anonymous_1)","decl":{"start":{"line":8,"column":18},"end":{"line":8,"column":19}},"loc":{"start":{"line":8,"column":29},"end":{"line":19,"column":3}},"line":8},"2":{"name":"(anonymous_2)","decl":{"start":{"line":32,"column":22},"end":{"line":32,"column":23}},"loc":{"start":{"line":32,"column":38},"end":{"line":32,"column":60}},"line":32},"3":{"name":"(anonymous_3)","decl":{"start":{"line":42,"column":22},"end":{"line":42,"column":23}},"loc":{"start":{"line":42,"column":38},"end":{"line":42,"column":61}},"line":42},"4":{"name":"(anonymous_4)","decl":{"start":{"line":52,"column":22},"end":{"line":52,"column":23}},"loc":{"start":{"line":52,"column":38},"end":{"line":52,"column":58}},"line":52}},"branchMap":{},"s":{"0":1,"1":5,"2":5,"3":5,"4":5,"5":1,"6":1,"7":1,"8":1,"9":1,"10":5,"11":1,"12":1,"13":1},"f":{"0":5,"1":1,"2":1,"3":1,"4":1},"b":{},"_coverageSchema":"43e27e138ebf9cfc5966b082cf9a028302ed4184","hash":"3f4834e8011d074f96291656172da99254b1510f"}
,"/home/lorenzo/MEGAsync/Web Dev/back-end/part_5_new/bloglist-frontend/src/components/LoginForm.js": {"path":"/home/lorenzo/MEGAsync/Web Dev/back-end/part_5_new/bloglist-frontend/src/components/LoginForm.js","statementMap":{"0":{"start":{"line":3,"column":18},"end":{"line":45,"column":1}},"1":{"start":{"line":4,"column":34},"end":{"line":4,"column":46}},"2":{"start":{"line":5,"column":34},"end":{"line":5,"column":46}},"3":{"start":{"line":7,"column":22},"end":{"line":17,"column":3}},"4":{"start":{"line":8,"column":4},"end":{"line":8,"column":26}},"5":{"start":{"line":9,"column":4},"end":{"line":13,"column":5}},"6":{"start":{"line":15,"column":4},"end":{"line":15,"column":19}},"7":{"start":{"line":16,"column":4},"end":{"line":16,"column":19}},"8":{"start":{"line":19,"column":2},"end":{"line":44,"column":3}},"9":{"start":{"line":29,"column":38},"end":{"line":29,"column":63}},"10":{"start":{"line":38,"column":38},"end":{"line":38,"column":63}}},"fnMap":{"0":{"name":"(anonymous_0)","decl":{"start":{"line":3,"column":18},"end":{"line":3,"column":19}},"loc":{"start":{"line":3,"column":39},"end":{"line":45,"column":1}},"line":3},"1":{"name":"(anonymous_1)","decl":{"start":{"line":7,"column":22},"end":{"line":7,"column":23}},"loc":{"start":{"line":7,"column":33},"end":{"line":17,"column":3}},"line":7},"2":{"name":"(anonymous_2)","decl":{"start":{"line":29,"column":22},"end":{"line":29,"column":23}},"loc":{"start":{"line":29,"column":38},"end":{"line":29,"column":63}},"line":29},"3":{"name":"(anonymous_3)","decl":{"start":{"line":38,"column":22},"end":{"line":38,"column":23}},"loc":{"start":{"line":38,"column":38},"end":{"line":38,"column":63}},"line":38}},"branchMap":{},"s":{"0":0,"1":0,"2":0,"3":0,"4":0,"5":0,"6":0,"7":0,"8":0,"9":0,"10":0},"f":{"0":0,"1":0,"2":0,"3":0},"b":{},"hash":"415012785d2245c460d61cf80f4f7ac6a19d7004"}
,"/home/lorenzo/MEGAsync/Web Dev/back-end/part_5_new/bloglist-frontend/src/components/Notification.js": {"path":"/home/lorenzo/MEGAsync/Web Dev/back-end/part_5_new/bloglist-frontend/src/components/Notification.js","statementMap":{"0":{"start":{"line":3,"column":21},"end":{"line":40,"column":1}},"1":{"start":{"line":4,"column":19},"end":{"line":22,"column":5}},"2":{"start":{"line":23,"column":4},"end":{"line":37,"column":5}},"3":{"start":{"line":24,"column":8},"end":{"line":24,"column":20}},"4":{"start":{"line":25,"column":11},"end":{"line":37,"column":5}},"5":{"start":{"line":26,"column":8},"end":{"line":30,"column":9}},"6":{"start":{"line":32,"column":8},"end":{"line":36,"column":9}}},"fnMap":{"0":{"name":"(anonymous_0)","decl":{"start":{"line":3,"column":21},"end":{"line":3,"column":22}},"loc":{"start":{"line":3,"column":38},"end":{"line":40,"column":1}},"line":3}},"branchMap":{"0":{"loc":{"start":{"line":23,"column":4},"end":{"line":37,"column":5}},"type":"if","locations":[{"start":{"line":23,"column":4},"end":{"line":37,"column":5}},{"start":{"line":23,"column":4},"end":{"line":37,"column":5}}],"line":23},"1":{"loc":{"start":{"line":25,"column":11},"end":{"line":37,"column":5}},"type":"if","locations":[{"start":{"line":25,"column":11},"end":{"line":37,"column":5}},{"start":{"line":25,"column":11},"end":{"line":37,"column":5}}],"line":25}},"s":{"0":0,"1":0,"2":0,"3":0,"4":0,"5":0,"6":0},"f":{"0":0},"b":{"0":[0,0],"1":[0,0]},"hash":"297569e755bf3a1270cfd1bc400ef01f33ebf19b"}
,"/home/lorenzo/MEGAsync/Web Dev/back-end/part_5_new/bloglist-frontend/src/components/Togglable.js": {"path":"/home/lorenzo/MEGAsync/Web Dev/back-end/part_5_new/bloglist-frontend/src/components/Togglable.js","statementMap":{"0":{"start":{"line":6,"column":18},"end":{"line":35,"column":2}},"1":{"start":{"line":7,"column":34},"end":{"line":7,"column":49}},"2":{"start":{"line":9,"column":28},"end":{"line":9,"column":62}},"3":{"start":{"line":10,"column":28},"end":{"line":10,"column":62}},"4":{"start":{"line":12,"column":29},"end":{"line":14,"column":5}},"5":{"start":{"line":13,"column":8},"end":{"line":13,"column":28}},"6":{"start":{"line":18,"column":4},"end":{"line":22,"column":6}},"7":{"start":{"line":19,"column":8},"end":{"line":21,"column":9}},"8":{"start":{"line":24,"column":4},"end":{"line":34,"column":5}},"9":{"start":{"line":37,"column":0},"end":{"line":37,"column":35}},"10":{"start":{"line":39,"column":0},"end":{"line":41,"column":1}}},"fnMap":{"0":{"name":"(anonymous_0)","decl":{"start":{"line":6,"column":35},"end":{"line":6,"column":36}},"loc":{"start":{"line":6,"column":51},"end":{"line":35,"column":1}},"line":6},"1":{"name":"(anonymous_1)","decl":{"start":{"line":12,"column":29},"end":{"line":12,"column":30}},"loc":{"start":{"line":12,"column":35},"end":{"line":14,"column":5}},"line":12},"2":{"name":"(anonymous_2)","decl":{"start":{"line":18,"column":29},"end":{"line":18,"column":30}},"loc":{"start":{"line":18,"column":35},"end":{"line":22,"column":5}},"line":18}},"branchMap":{"0":{"loc":{"start":{"line":9,"column":39},"end":{"line":9,"column":60}},"type":"cond-expr","locations":[{"start":{"line":9,"column":49},"end":{"line":9,"column":55}},{"start":{"line":9,"column":58},"end":{"line":9,"column":60}}],"line":9},"1":{"loc":{"start":{"line":10,"column":39},"end":{"line":10,"column":60}},"type":"cond-expr","locations":[{"start":{"line":10,"column":49},"end":{"line":10,"column":51}},{"start":{"line":10,"column":54},"end":{"line":10,"column":60}}],"line":10}},"s":{"0":0,"1":0,"2":0,"3":0,"4":0,"5":0,"6":0,"7":0,"8":0,"9":0,"10":0},"f":{"0":0,"1":0,"2":0},"b":{"0":[0,0],"1":[0,0]},"hash":"8c12c9c22bee2a66a54479dee8cae7889f4fc499"}
,"/home/lorenzo/MEGAsync/Web Dev/back-end/part_5_new/bloglist-frontend/src/services/blogs.js": {"path":"/home/lorenzo/MEGAsync/Web Dev/back-end/part_5_new/bloglist-frontend/src/services/blogs.js","statementMap":{"0":{"start":{"line":2,"column":16},"end":{"line":2,"column":28}},"1":{"start":{"line":4,"column":12},"end":{"line":4,"column":16}},"2":{"start":{"line":6,"column":17},"end":{"line":8,"column":1}},"3":{"start":{"line":7,"column":2},"end":{"line":7,"column":30}},"4":{"start":{"line":10,"column":15},"end":{"line":13,"column":1}},"5":{"start":{"line":11,"column":18},"end":{"line":11,"column":36}},"6":{"start":{"line":12,"column":2},"end":{"line":12,"column":48}},"7":{"start":{"line":12,"column":34},"end":{"line":12,"column":47}},"8":{"start":{"line":15,"column":15},"end":{"line":22,"column":1}},"9":{"start":{"line":16,"column":17},"end":{"line":18,"column":3}},"10":{"start":{"line":20,"column":19},"end":{"line":20,"column":63}},"11":{"start":{"line":21,"column":2},"end":{"line":21,"column":22}},"12":{"start":{"line":24,"column":15},"end":{"line":36,"column":1}},"13":{"start":{"line":25,"column":17},"end":{"line":27,"column":3}},"14":{"start":{"line":29,"column":41},"end":{"line":29,"column":52}},"15":{"start":{"line":30,"column":2},"end":{"line":30,"column":32}},"16":{"start":{"line":32,"column":2},"end":{"line":32,"column":34}},"17":{"start":{"line":33,"column":19},"end":{"line":33,"column":71}},"18":{"start":{"line":35,"column":2},"end":{"line":35,"column":22}},"19":{"start":{"line":38,"column":15},"end":{"line":45,"column":1}},"20":{"start":{"line":39,"column":17},"end":{"line":41,"column":3}},"21":{"start":{"line":43,"column":19},"end":{"line":43,"column":65}},"22":{"start":{"line":44,"column":2},"end":{"line":44,"column":22}}},"fnMap":{"0":{"name":"(anonymous_0)","decl":{"start":{"line":6,"column":17},"end":{"line":6,"column":18}},"loc":{"start":{"line":6,"column":29},"end":{"line":8,"column":1}},"line":6},"1":{"name":"(anonymous_1)","decl":{"start":{"line":10,"column":15},"end":{"line":10,"column":16}},"loc":{"start":{"line":10,"column":21},"end":{"line":13,"column":1}},"line":10},"2":{"name":"(anonymous_2)","decl":{"start":{"line":12,"column":22},"end":{"line":12,"column":23}},"loc":{"start":{"line":12,"column":34},"end":{"line":12,"column":47}},"line":12},"3":{"name":"(anonymous_3)","decl":{"start":{"line":15,"column":15},"end":{"line":15,"column":16}},"loc":{"start":{"line":15,"column":34},"end":{"line":22,"column":1}},"line":15},"4":{"name":"(anonymous_4)","decl":{"start":{"line":24,"column":15},"end":{"line":24,"column":16}},"loc":{"start":{"line":24,"column":42},"end":{"line":36,"column":1}},"line":24},"5":{"name":"(anonymous_5)","decl":{"start":{"line":38,"column":15},"end":{"line":38,"column":16}},"loc":{"start":{"line":38,"column":29},"end":{"line":45,"column":1}},"line":38}},"branchMap":{},"s":{"0":0,"1":0,"2":0,"3":0,"4":0,"5":0,"6":0,"7":0,"8":0,"9":0,"10":0,"11":0,"12":0,"13":0,"14":0,"15":0,"16":0,"17":0,"18":0,"19":0,"20":0,"21":0,"22":0},"f":{"0":0,"1":0,"2":0,"3":0,"4":0,"5":0},"b":{},"hash":"2f811765dbbda917baea9506be3bef2bc573ed99"}
,"/home/lorenzo/MEGAsync/Web Dev/back-end/part_5_new/bloglist-frontend/src/services/login.js": {"path":"/home/lorenzo/MEGAsync/Web Dev/back-end/part_5_new/bloglist-frontend/src/services/login.js","statementMap":{"0":{"start":{"line":2,"column":16},"end":{"line":2,"column":28}},"1":{"start":{"line":4,"column":14},"end":{"line":8,"column":1}},"2":{"start":{"line":5,"column":21},"end":{"line":5,"column":59}},"3":{"start":{"line":6,"column":4},"end":{"line":6,"column":45}},"4":{"start":{"line":7,"column":4},"end":{"line":7,"column":24}}},"fnMap":{"0":{"name":"(anonymous_0)","decl":{"start":{"line":4,"column":14},"end":{"line":4,"column":15}},"loc":{"start":{"line":4,"column":35},"end":{"line":8,"column":1}},"line":4}},"branchMap":{},"s":{"0":0,"1":0,"2":0,"3":0,"4":0},"f":{"0":0},"b":{},"hash":"81be27ff1d2ce7724e17c0adadfd9ba72f9f580f"}
}
