{"/home/lorenzo/MEGAsync/Web Dev/back-end/blog-list/app.js": {"path":"/home/lorenzo/MEGAsync/Web Dev/back-end/blog-list/app.js","statementMap":{"0":{"start":{"line":1,"column":15},"end":{"line":1,"column":40}},"1":{"start":{"line":2,"column":16},"end":{"line":2,"column":34}},"2":{"start":{"line":3,"column":12},"end":{"line":3,"column":21}},"3":{"start":{"line":4,"column":13},"end":{"line":4,"column":28}},"4":{"start":{"line":5,"column":20},"end":{"line":5,"column":50}},"5":{"start":{"line":6,"column":19},"end":{"line":6,"column":48}},"6":{"start":{"line":7,"column":15},"end":{"line":7,"column":40}},"7":{"start":{"line":8,"column":17},"end":{"line":8,"column":36}},"8":{"start":{"line":12,"column":0},"end":{"line":12,"column":36}},"9":{"start":{"line":14,"column":0},"end":{"line":20,"column":6}},"10":{"start":{"line":16,"column":8},"end":{"line":16,"column":43}},"11":{"start":{"line":19,"column":8},"end":{"line":19,"column":67}},"12":{"start":{"line":22,"column":0},"end":{"line":22,"column":15}},"13":{"start":{"line":23,"column":0},"end":{"line":23,"column":32}},"14":{"start":{"line":24,"column":0},"end":{"line":24,"column":23}},"15":{"start":{"line":25,"column":0},"end":{"line":25,"column":33}},"16":{"start":{"line":27,"column":0},"end":{"line":27,"column":34}},"17":{"start":{"line":29,"column":0},"end":{"line":29,"column":35}},"18":{"start":{"line":30,"column":0},"end":{"line":30,"column":32}},"19":{"start":{"line":32,"column":0},"end":{"line":32,"column":20}}},"fnMap":{"0":{"name":"(anonymous_0)","decl":{"start":{"line":15,"column":10},"end":{"line":15,"column":11}},"loc":{"start":{"line":15,"column":16},"end":{"line":17,"column":5}},"line":15},"1":{"name":"(anonymous_1)","decl":{"start":{"line":18,"column":11},"end":{"line":18,"column":12}},"loc":{"start":{"line":18,"column":22},"end":{"line":20,"column":5}},"line":18}},"branchMap":{},"s":{"0":1,"1":1,"2":1,"3":1,"4":1,"5":1,"6":1,"7":1,"8":1,"9":1,"10":1,"11":0,"12":1,"13":1,"14":1,"15":1,"16":1,"17":1,"18":1,"19":1},"f":{"0":1,"1":0},"b":{},"_coverageSchema":"1a1c01bbd47fc00a2c39e90264f33305004495a9","hash":"27875daaa171950082be622364b138b74002db22"}
,"/home/lorenzo/MEGAsync/Web Dev/back-end/blog-list/controllers/blogs.js": {"path":"/home/lorenzo/MEGAsync/Web Dev/back-end/blog-list/controllers/blogs.js","statementMap":{"0":{"start":{"line":2,"column":0},"end":{"line":7,"column":1}},"1":{"start":{"line":8,"column":20},"end":{"line":8,"column":47}},"2":{"start":{"line":9,"column":13},"end":{"line":9,"column":42}},"3":{"start":{"line":11,"column":0},"end":{"line":17,"column":2}},"4":{"start":{"line":12,"column":18},"end":{"line":12,"column":37}},"5":{"start":{"line":13,"column":4},"end":{"line":13,"column":24}},"6":{"start":{"line":20,"column":0},"end":{"line":30,"column":2}},"7":{"start":{"line":21,"column":4},"end":{"line":29,"column":36}},"8":{"start":{"line":23,"column":12},"end":{"line":27,"column":13}},"9":{"start":{"line":24,"column":16},"end":{"line":24,"column":35}},"10":{"start":{"line":26,"column":16},"end":{"line":26,"column":42}},"11":{"start":{"line":29,"column":24},"end":{"line":29,"column":35}},"12":{"start":{"line":32,"column":0},"end":{"line":44,"column":2}},"13":{"start":{"line":33,"column":17},"end":{"line":33,"column":29}},"14":{"start":{"line":35,"column":17},"end":{"line":40,"column":6}},"15":{"start":{"line":42,"column":22},"end":{"line":42,"column":39}},"16":{"start":{"line":43,"column":4},"end":{"line":43,"column":28}},"17":{"start":{"line":47,"column":0},"end":{"line":53,"column":2}},"18":{"start":{"line":48,"column":4},"end":{"line":52,"column":36}},"19":{"start":{"line":50,"column":12},"end":{"line":50,"column":38}},"20":{"start":{"line":52,"column":24},"end":{"line":52,"column":35}},"21":{"start":{"line":55,"column":0},"end":{"line":55,"column":28}}},"fnMap":{"0":{"name":"(anonymous_0)","decl":{"start":{"line":11,"column":21},"end":{"line":11,"column":22}},"loc":{"start":{"line":11,"column":50},"end":{"line":17,"column":1}},"line":11},"1":{"name":"(anonymous_1)","decl":{"start":{"line":20,"column":24},"end":{"line":20,"column":25}},"loc":{"start":{"line":20,"column":53},"end":{"line":30,"column":1}},"line":20},"2":{"name":"(anonymous_2)","decl":{"start":{"line":22,"column":14},"end":{"line":22,"column":15}},"loc":{"start":{"line":22,"column":22},"end":{"line":28,"column":9}},"line":22},"3":{"name":"(anonymous_3)","decl":{"start":{"line":29,"column":15},"end":{"line":29,"column":16}},"loc":{"start":{"line":29,"column":24},"end":{"line":29,"column":35}},"line":29},"4":{"name":"(anonymous_4)","decl":{"start":{"line":32,"column":22},"end":{"line":32,"column":23}},"loc":{"start":{"line":32,"column":51},"end":{"line":44,"column":1}},"line":32},"5":{"name":"(anonymous_5)","decl":{"start":{"line":47,"column":27},"end":{"line":47,"column":28}},"loc":{"start":{"line":47,"column":56},"end":{"line":53,"column":1}},"line":47},"6":{"name":"(anonymous_6)","decl":{"start":{"line":49,"column":14},"end":{"line":49,"column":15}},"loc":{"start":{"line":49,"column":20},"end":{"line":51,"column":9}},"line":49},"7":{"name":"(anonymous_7)","decl":{"start":{"line":52,"column":15},"end":{"line":52,"column":16}},"loc":{"start":{"line":52,"column":24},"end":{"line":52,"column":35}},"line":52}},"branchMap":{"0":{"loc":{"start":{"line":23,"column":12},"end":{"line":27,"column":13}},"type":"if","locations":[{"start":{"line":23,"column":12},"end":{"line":27,"column":13}},{"start":{"line":23,"column":12},"end":{"line":27,"column":13}}],"line":23}},"s":{"0":1,"1":1,"2":1,"3":1,"4":3,"5":3,"6":1,"7":0,"8":0,"9":0,"10":0,"11":0,"12":1,"13":1,"14":1,"15":1,"16":1,"17":1,"18":0,"19":0,"20":0,"21":1},"f":{"0":3,"1":0,"2":0,"3":0,"4":1,"5":0,"6":0,"7":0},"b":{"0":[0,0]},"_coverageSchema":"1a1c01bbd47fc00a2c39e90264f33305004495a9","hash":"736559844eef2c7ea588fa7dab054120a152989f"}
,"/home/lorenzo/MEGAsync/Web Dev/back-end/blog-list/models/bloglist.js": {"path":"/home/lorenzo/MEGAsync/Web Dev/back-end/blog-list/models/bloglist.js","statementMap":{"0":{"start":{"line":1,"column":17},"end":{"line":1,"column":36}},"1":{"start":{"line":15,"column":19},"end":{"line":30,"column":2}},"2":{"start":{"line":32,"column":0},"end":{"line":38,"column":2}},"3":{"start":{"line":34,"column":8},"end":{"line":34,"column":57}},"4":{"start":{"line":35,"column":8},"end":{"line":35,"column":33}},"5":{"start":{"line":36,"column":8},"end":{"line":36,"column":33}},"6":{"start":{"line":40,"column":0},"end":{"line":40,"column":51}}},"fnMap":{"0":{"name":"(anonymous_0)","decl":{"start":{"line":33,"column":15},"end":{"line":33,"column":16}},"loc":{"start":{"line":33,"column":45},"end":{"line":37,"column":5}},"line":33}},"branchMap":{},"s":{"0":1,"1":1,"2":1,"3":14,"4":14,"5":14,"6":1},"f":{"0":14},"b":{},"_coverageSchema":"1a1c01bbd47fc00a2c39e90264f33305004495a9","hash":"53658fa926002d948d8be8e239d49317380546eb"}
,"/home/lorenzo/MEGAsync/Web Dev/back-end/blog-list/test/test_helper.js": {"path":"/home/lorenzo/MEGAsync/Web Dev/back-end/blog-list/test/test_helper.js","statementMap":{"0":{"start":{"line":1,"column":13},"end":{"line":1,"column":42}},"1":{"start":{"line":3,"column":21},"end":{"line":25,"column":1}},"2":{"start":{"line":35,"column":18},"end":{"line":38,"column":1}},"3":{"start":{"line":36,"column":18},"end":{"line":36,"column":37}},"4":{"start":{"line":37,"column":4},"end":{"line":37,"column":43}},"5":{"start":{"line":37,"column":29},"end":{"line":37,"column":42}},"6":{"start":{"line":40,"column":0},"end":{"line":42,"column":1}}},"fnMap":{"0":{"name":"(anonymous_0)","decl":{"start":{"line":35,"column":18},"end":{"line":35,"column":19}},"loc":{"start":{"line":35,"column":30},"end":{"line":38,"column":1}},"line":35},"1":{"name":"(anonymous_1)","decl":{"start":{"line":37,"column":21},"end":{"line":37,"column":22}},"loc":{"start":{"line":37,"column":29},"end":{"line":37,"column":42}},"line":37}},"branchMap":{},"s":{"0":1,"1":1,"2":1,"3":1,"4":1,"5":4,"6":1},"f":{"0":1,"1":4},"b":{},"_coverageSchema":"1a1c01bbd47fc00a2c39e90264f33305004495a9","hash":"08dca85e62577ade17b750db0405e864b18ed794"}
,"/home/lorenzo/MEGAsync/Web Dev/back-end/blog-list/utils/config.js": {"path":"/home/lorenzo/MEGAsync/Web Dev/back-end/blog-list/utils/config.js","statementMap":{"0":{"start":{"line":2,"column":0},"end":{"line":2,"column":26}},"1":{"start":{"line":4,"column":13},"end":{"line":4,"column":29}},"2":{"start":{"line":5,"column":18},"end":{"line":5,"column":41}},"3":{"start":{"line":8,"column":0},"end":{"line":10,"column":1}},"4":{"start":{"line":9,"column":4},"end":{"line":9,"column":46}},"5":{"start":{"line":12,"column":0},"end":{"line":15,"column":1}}},"fnMap":{},"branchMap":{"0":{"loc":{"start":{"line":8,"column":0},"end":{"line":10,"column":1}},"type":"if","locations":[{"start":{"line":8,"column":0},"end":{"line":10,"column":1}},{"start":{"line":8,"column":0},"end":{"line":10,"column":1}}],"line":8}},"s":{"0":1,"1":1,"2":1,"3":1,"4":1,"5":1},"f":{},"b":{"0":[1,0]},"_coverageSchema":"1a1c01bbd47fc00a2c39e90264f33305004495a9","hash":"43a8ff4acd335ac8bc54f1acf3a0f03771df56b1"}
,"/home/lorenzo/MEGAsync/Web Dev/back-end/blog-list/utils/list_helper.js": {"path":"/home/lorenzo/MEGAsync/Web Dev/back-end/blog-list/utils/list_helper.js","statementMap":{"0":{"start":{"line":1,"column":14},"end":{"line":3,"column":1}},"1":{"start":{"line":2,"column":4},"end":{"line":2,"column":12}},"2":{"start":{"line":5,"column":19},"end":{"line":18,"column":1}},"3":{"start":{"line":6,"column":20},"end":{"line":8,"column":5}},"4":{"start":{"line":7,"column":8},"end":{"line":7,"column":25}},"5":{"start":{"line":10,"column":19},"end":{"line":10,"column":21}},"6":{"start":{"line":11,"column":4},"end":{"line":13,"column":5}},"7":{"start":{"line":11,"column":17},"end":{"line":11,"column":18}},"8":{"start":{"line":12,"column":8},"end":{"line":12,"column":37}},"9":{"start":{"line":15,"column":4},"end":{"line":17,"column":37}},"10":{"start":{"line":20,"column":21},"end":{"line":37,"column":1}},"11":{"start":{"line":21,"column":14},"end":{"line":21,"column":15}},"12":{"start":{"line":22,"column":16},"end":{"line":22,"column":17}},"13":{"start":{"line":23,"column":4},"end":{"line":28,"column":5}},"14":{"start":{"line":23,"column":17},"end":{"line":23,"column":18}},"15":{"start":{"line":24,"column":8},"end":{"line":27,"column":9}},"16":{"start":{"line":25,"column":12},"end":{"line":25,"column":32}},"17":{"start":{"line":26,"column":12},"end":{"line":26,"column":21}},"18":{"start":{"line":30,"column":14},"end":{"line":34,"column":5}},"19":{"start":{"line":36,"column":4},"end":{"line":36,"column":14}},"20":{"start":{"line":40,"column":18},"end":{"line":61,"column":1}},"21":{"start":{"line":41,"column":24},"end":{"line":41,"column":26}},"22":{"start":{"line":42,"column":4},"end":{"line":49,"column":5}},"23":{"start":{"line":42,"column":17},"end":{"line":42,"column":18}},"24":{"start":{"line":44,"column":8},"end":{"line":48,"column":9}},"25":{"start":{"line":45,"column":12},"end":{"line":45,"column":47}},"26":{"start":{"line":47,"column":12},"end":{"line":47,"column":46}},"27":{"start":{"line":51,"column":14},"end":{"line":51,"column":15}},"28":{"start":{"line":52,"column":26},"end":{"line":52,"column":28}},"29":{"start":{"line":53,"column":4},"end":{"line":59,"column":5}},"30":{"start":{"line":54,"column":8},"end":{"line":58,"column":9}},"31":{"start":{"line":55,"column":12},"end":{"line":55,"column":23}},"32":{"start":{"line":56,"column":12},"end":{"line":56,"column":43}},"33":{"start":{"line":57,"column":12},"end":{"line":57,"column":44}},"34":{"start":{"line":60,"column":4},"end":{"line":60,"column":26}},"35":{"start":{"line":64,"column":18},"end":{"line":85,"column":1}},"36":{"start":{"line":65,"column":24},"end":{"line":65,"column":26}},"37":{"start":{"line":66,"column":4},"end":{"line":73,"column":5}},"38":{"start":{"line":66,"column":17},"end":{"line":66,"column":18}},"39":{"start":{"line":68,"column":8},"end":{"line":72,"column":9}},"40":{"start":{"line":69,"column":12},"end":{"line":69,"column":60}},"41":{"start":{"line":71,"column":12},"end":{"line":71,"column":59}},"42":{"start":{"line":75,"column":14},"end":{"line":75,"column":15}},"43":{"start":{"line":76,"column":26},"end":{"line":76,"column":28}},"44":{"start":{"line":77,"column":4},"end":{"line":83,"column":5}},"45":{"start":{"line":78,"column":8},"end":{"line":82,"column":9}},"46":{"start":{"line":79,"column":12},"end":{"line":79,"column":23}},"47":{"start":{"line":80,"column":12},"end":{"line":80,"column":43}},"48":{"start":{"line":81,"column":12},"end":{"line":81,"column":44}},"49":{"start":{"line":84,"column":4},"end":{"line":84,"column":26}},"50":{"start":{"line":87,"column":0},"end":{"line":93,"column":1}}},"fnMap":{"0":{"name":"(anonymous_0)","decl":{"start":{"line":1,"column":14},"end":{"line":1,"column":15}},"loc":{"start":{"line":1,"column":20},"end":{"line":3,"column":1}},"line":1},"1":{"name":"(anonymous_1)","decl":{"start":{"line":5,"column":19},"end":{"line":5,"column":20}},"loc":{"start":{"line":5,"column":28},"end":{"line":18,"column":1}},"line":5},"2":{"name":"(anonymous_2)","decl":{"start":{"line":6,"column":20},"end":{"line":6,"column":21}},"loc":{"start":{"line":6,"column":35},"end":{"line":8,"column":5}},"line":6},"3":{"name":"(anonymous_3)","decl":{"start":{"line":20,"column":21},"end":{"line":20,"column":22}},"loc":{"start":{"line":20,"column":32},"end":{"line":37,"column":1}},"line":20},"4":{"name":"(anonymous_4)","decl":{"start":{"line":40,"column":18},"end":{"line":40,"column":19}},"loc":{"start":{"line":40,"column":29},"end":{"line":61,"column":1}},"line":40},"5":{"name":"(anonymous_5)","decl":{"start":{"line":64,"column":18},"end":{"line":64,"column":19}},"loc":{"start":{"line":64,"column":29},"end":{"line":85,"column":1}},"line":64}},"branchMap":{"0":{"loc":{"start":{"line":15,"column":11},"end":{"line":17,"column":37}},"type":"cond-expr","locations":[{"start":{"line":16,"column":10},"end":{"line":16,"column":24}},{"start":{"line":17,"column":10},"end":{"line":17,"column":37}}],"line":15},"1":{"loc":{"start":{"line":24,"column":8},"end":{"line":27,"column":9}},"type":"if","locations":[{"start":{"line":24,"column":8},"end":{"line":27,"column":9}},{"start":{"line":24,"column":8},"end":{"line":27,"column":9}}],"line":24},"2":{"loc":{"start":{"line":44,"column":8},"end":{"line":48,"column":9}},"type":"if","locations":[{"start":{"line":44,"column":8},"end":{"line":48,"column":9}},{"start":{"line":44,"column":8},"end":{"line":48,"column":9}}],"line":44},"3":{"loc":{"start":{"line":54,"column":8},"end":{"line":58,"column":9}},"type":"if","locations":[{"start":{"line":54,"column":8},"end":{"line":58,"column":9}},{"start":{"line":54,"column":8},"end":{"line":58,"column":9}}],"line":54},"4":{"loc":{"start":{"line":68,"column":8},"end":{"line":72,"column":9}},"type":"if","locations":[{"start":{"line":68,"column":8},"end":{"line":72,"column":9}},{"start":{"line":68,"column":8},"end":{"line":72,"column":9}}],"line":68},"5":{"loc":{"start":{"line":78,"column":8},"end":{"line":82,"column":9}},"type":"if","locations":[{"start":{"line":78,"column":8},"end":{"line":82,"column":9}},{"start":{"line":78,"column":8},"end":{"line":82,"column":9}}],"line":78}},"s":{"0":5,"1":1,"2":5,"3":2,"4":6,"5":2,"6":2,"7":2,"8":7,"9":2,"10":5,"11":1,"12":1,"13":1,"14":1,"15":6,"16":2,"17":2,"18":1,"19":1,"20":5,"21":1,"22":1,"23":1,"24":6,"25":3,"26":3,"27":1,"28":1,"29":1,"30":3,"31":3,"32":3,"33":3,"34":1,"35":5,"36":1,"37":1,"38":1,"39":6,"40":3,"41":3,"42":1,"43":1,"44":1,"45":3,"46":2,"47":2,"48":2,"49":1,"50":5},"f":{"0":1,"1":2,"2":6,"3":1,"4":1,"5":1},"b":{"0":[1,1],"1":[2,4],"2":[3,3],"3":[3,0],"4":[3,3],"5":[2,1]},"_coverageSchema":"1a1c01bbd47fc00a2c39e90264f33305004495a9","hash":"13efc0447f5c8d89703f19c40c370ed53d109695"}
,"/home/lorenzo/MEGAsync/Web Dev/back-end/blog-list/utils/logger.js": {"path":"/home/lorenzo/MEGAsync/Web Dev/back-end/blog-list/utils/logger.js","statementMap":{"0":{"start":{"line":2,"column":13},"end":{"line":6,"column":1}},"1":{"start":{"line":3,"column":4},"end":{"line":5,"column":5}},"2":{"start":{"line":4,"column":8},"end":{"line":4,"column":30}},"3":{"start":{"line":8,"column":14},"end":{"line":10,"column":1}},"4":{"start":{"line":9,"column":4},"end":{"line":9,"column":28}},"5":{"start":{"line":12,"column":0},"end":{"line":14,"column":1}}},"fnMap":{"0":{"name":"(anonymous_0)","decl":{"start":{"line":2,"column":13},"end":{"line":2,"column":14}},"loc":{"start":{"line":2,"column":28},"end":{"line":6,"column":1}},"line":2},"1":{"name":"(anonymous_1)","decl":{"start":{"line":8,"column":14},"end":{"line":8,"column":15}},"loc":{"start":{"line":8,"column":29},"end":{"line":10,"column":1}},"line":8}},"branchMap":{"0":{"loc":{"start":{"line":3,"column":4},"end":{"line":5,"column":5}},"type":"if","locations":[{"start":{"line":3,"column":4},"end":{"line":5,"column":5}},{"start":{"line":3,"column":4},"end":{"line":5,"column":5}}],"line":3}},"s":{"0":1,"1":18,"2":0,"3":1,"4":0,"5":1},"f":{"0":18,"1":0},"b":{"0":[0,18]},"_coverageSchema":"1a1c01bbd47fc00a2c39e90264f33305004495a9","hash":"807c655da597dc458cfb64906d45350150bb8378"}
,"/home/lorenzo/MEGAsync/Web Dev/back-end/blog-list/utils/middleware.js": {"path":"/home/lorenzo/MEGAsync/Web Dev/back-end/blog-list/utils/middleware.js","statementMap":{"0":{"start":{"line":1,"column":15},"end":{"line":1,"column":34}},"1":{"start":{"line":3,"column":22},"end":{"line":9,"column":1}},"2":{"start":{"line":4,"column":4},"end":{"line":4,"column":42}},"3":{"start":{"line":5,"column":4},"end":{"line":5,"column":40}},"4":{"start":{"line":6,"column":4},"end":{"line":6,"column":40}},"5":{"start":{"line":7,"column":4},"end":{"line":7,"column":22}},"6":{"start":{"line":8,"column":4},"end":{"line":8,"column":10}},"7":{"start":{"line":11,"column":24},"end":{"line":13,"column":1}},"8":{"start":{"line":12,"column":4},"end":{"line":12,"column":60}},"9":{"start":{"line":15,"column":21},"end":{"line":25,"column":1}},"10":{"start":{"line":16,"column":4},"end":{"line":16,"column":31}},"11":{"start":{"line":18,"column":4},"end":{"line":22,"column":5}},"12":{"start":{"line":19,"column":8},"end":{"line":19,"column":70}},"13":{"start":{"line":20,"column":11},"end":{"line":22,"column":5}},"14":{"start":{"line":21,"column":8},"end":{"line":21,"column":66}},"15":{"start":{"line":24,"column":4},"end":{"line":24,"column":15}},"16":{"start":{"line":27,"column":0},"end":{"line":31,"column":1}}},"fnMap":{"0":{"name":"(anonymous_0)","decl":{"start":{"line":3,"column":22},"end":{"line":3,"column":23}},"loc":{"start":{"line":3,"column":51},"end":{"line":9,"column":1}},"line":3},"1":{"name":"(anonymous_1)","decl":{"start":{"line":11,"column":24},"end":{"line":11,"column":25}},"loc":{"start":{"line":11,"column":47},"end":{"line":13,"column":1}},"line":11},"2":{"name":"(anonymous_2)","decl":{"start":{"line":15,"column":21},"end":{"line":15,"column":22}},"loc":{"start":{"line":15,"column":57},"end":{"line":25,"column":1}},"line":15}},"branchMap":{"0":{"loc":{"start":{"line":18,"column":4},"end":{"line":22,"column":5}},"type":"if","locations":[{"start":{"line":18,"column":4},"end":{"line":22,"column":5}},{"start":{"line":18,"column":4},"end":{"line":22,"column":5}}],"line":18},"1":{"loc":{"start":{"line":20,"column":11},"end":{"line":22,"column":5}},"type":"if","locations":[{"start":{"line":20,"column":11},"end":{"line":22,"column":5}},{"start":{"line":20,"column":11},"end":{"line":22,"column":5}}],"line":20}},"s":{"0":1,"1":1,"2":4,"3":4,"4":4,"5":4,"6":4,"7":1,"8":0,"9":1,"10":0,"11":0,"12":0,"13":0,"14":0,"15":0,"16":1},"f":{"0":4,"1":0,"2":0},"b":{"0":[0,0],"1":[0,0]},"_coverageSchema":"1a1c01bbd47fc00a2c39e90264f33305004495a9","hash":"aca6914331ff687e8dbc5b6a6f3447e82ecb7065"}
}
