TN:
SF:app.js
FN:15,(anonymous_0)
FN:18,(anonymous_1)
FNF:2
FNH:1
FNDA:1,(anonymous_0)
FNDA:0,(anonymous_1)
DA:1,1
DA:2,1
DA:3,1
DA:4,1
DA:5,1
DA:6,1
DA:7,1
DA:8,1
DA:12,1
DA:14,1
DA:16,1
DA:19,0
DA:22,1
DA:23,1
DA:24,1
DA:25,1
DA:27,1
DA:29,1
DA:30,1
DA:32,1
LF:20
LH:19
BRF:0
BRH:0
end_of_record
TN:
SF:controllers/blogs.js
FN:11,(anonymous_0)
FN:20,(anonymous_1)
FN:22,(anonymous_2)
FN:29,(anonymous_3)
FN:32,(anonymous_4)
FN:47,(anonymous_5)
FN:49,(anonymous_6)
FN:52,(anonymous_7)
FNF:8
FNH:2
FNDA:3,(anonymous_0)
FNDA:0,(anonymous_1)
FNDA:0,(anonymous_2)
FNDA:0,(anonymous_3)
FNDA:1,(anonymous_4)
FNDA:0,(anonymous_5)
FNDA:0,(anonymous_6)
FNDA:0,(anonymous_7)
DA:2,1
DA:8,1
DA:9,1
DA:11,1
DA:12,3
DA:13,3
DA:20,1
DA:21,0
DA:23,0
DA:24,0
DA:26,0
DA:29,0
DA:32,1
DA:33,1
DA:35,1
DA:42,1
DA:43,1
DA:47,1
DA:48,0
DA:50,0
DA:52,0
DA:55,1
LF:22
LH:14
BRDA:23,0,0,0
BRDA:23,0,1,0
BRF:2
BRH:0
end_of_record
TN:
SF:models/bloglist.js
FN:33,(anonymous_0)
FNF:1
FNH:1
FNDA:14,(anonymous_0)
DA:1,1
DA:15,1
DA:32,1
DA:34,14
DA:35,14
DA:36,14
DA:40,1
LF:7
LH:7
BRF:0
BRH:0
end_of_record
TN:
SF:test/test_helper.js
FN:35,(anonymous_0)
FN:37,(anonymous_1)
FNF:2
FNH:2
FNDA:1,(anonymous_0)
FNDA:4,(anonymous_1)
DA:1,1
DA:3,1
DA:35,1
DA:36,1
DA:37,4
DA:40,1
LF:6
LH:6
BRF:0
BRH:0
end_of_record
TN:
SF:utils/config.js
FNF:0
FNH:0
DA:2,1
DA:4,1
DA:5,1
DA:8,1
DA:9,1
DA:12,1
LF:6
LH:6
BRDA:8,0,0,1
BRDA:8,0,1,0
BRF:2
BRH:1
end_of_record
TN:
SF:utils/list_helper.js
FN:1,(anonymous_0)
FN:5,(anonymous_1)
FN:6,(anonymous_2)
FN:20,(anonymous_3)
FN:40,(anonymous_4)
FN:64,(anonymous_5)
FNF:6
FNH:6
FNDA:1,(anonymous_0)
FNDA:2,(anonymous_1)
FNDA:6,(anonymous_2)
FNDA:1,(anonymous_3)
FNDA:1,(anonymous_4)
FNDA:1,(anonymous_5)
DA:1,5
DA:2,1
DA:5,5
DA:6,2
DA:7,6
DA:10,2
DA:11,2
DA:12,7
DA:15,2
DA:20,5
DA:21,1
DA:22,1
DA:23,1
DA:24,6
DA:25,2
DA:26,2
DA:30,1
DA:36,1
DA:40,5
DA:41,1
DA:42,1
DA:44,6
DA:45,3
DA:47,3
DA:51,1
DA:52,1
DA:53,1
DA:54,3
DA:55,3
DA:56,3
DA:57,3
DA:60,1
DA:64,5
DA:65,1
DA:66,1
DA:68,6
DA:69,3
DA:71,3
DA:75,1
DA:76,1
DA:77,1
DA:78,3
DA:79,2
DA:80,2
DA:81,2
DA:84,1
DA:87,5
LF:47
LH:47
BRDA:15,0,0,1
BRDA:15,0,1,1
BRDA:24,1,0,2
BRDA:24,1,1,4
BRDA:44,2,0,3
BRDA:44,2,1,3
BRDA:54,3,0,3
BRDA:54,3,1,0
BRDA:68,4,0,3
BRDA:68,4,1,3
BRDA:78,5,0,2
BRDA:78,5,1,1
BRF:12
BRH:11
end_of_record
TN:
SF:utils/logger.js
FN:2,(anonymous_0)
FN:8,(anonymous_1)
FNF:2
FNH:1
FNDA:18,(anonymous_0)
FNDA:0,(anonymous_1)
DA:2,1
DA:3,18
DA:4,0
DA:8,1
DA:9,0
DA:12,1
LF:6
LH:4
BRDA:3,0,0,0
BRDA:3,0,1,18
BRF:2
BRH:1
end_of_record
TN:
SF:utils/middleware.js
FN:3,(anonymous_0)
FN:11,(anonymous_1)
FN:15,(anonymous_2)
FNF:3
FNH:1
FNDA:4,(anonymous_0)
FNDA:0,(anonymous_1)
FNDA:0,(anonymous_2)
DA:1,1
DA:3,1
DA:4,4
DA:5,4
DA:6,4
DA:7,4
DA:8,4
DA:11,1
DA:12,0
DA:15,1
DA:16,0
DA:18,0
DA:19,0
DA:20,0
DA:21,0
DA:24,0
DA:27,1
LF:17
LH:10
BRDA:18,0,0,0
BRDA:18,0,1,0
BRDA:20,1,0,0
BRDA:20,1,1,0
BRF:4
BRH:0
end_of_record
